[debug] [2026-03-11T07:05:33.518Z] ----------------------------------------------------------------------
[debug] [2026-03-11T07:05:33.523Z] Command:       C:\Program Files\nodejs\node.exe C:\Users\Lenovo\AppData\Roaming\npm\node_modules\firebase-tools\lib\bin\firebase.js init hosting
[debug] [2026-03-11T07:05:33.524Z] CLI Version:   15.9.1
[debug] [2026-03-11T07:05:33.524Z] Platform:      win32
[debug] [2026-03-11T07:05:33.524Z] Node Version:  v22.14.0
[debug] [2026-03-11T07:05:33.525Z] Time:          Wed Mar 11 2026 12:35:33 GMT+0530 (India Standard Time)
[debug] [2026-03-11T07:05:33.525Z] ----------------------------------------------------------------------
[debug] 
[info] 
     ######## #### ########  ######## ########     ###     ######  ########
     ##        ##  ##     ## ##       ##     ##  ##   ##  ##       ##
     ######    ##  ########  ######   ########  #########  ######  ######
     ##        ##  ##    ##  ##       ##     ## ##     ##       ## ##
     ##       #### ##     ## ######## ########  ##     ##  ######  ########

You're about to initialize a Firebase project in this directory:

  C:\Users\Lenovo\Desktop\Cryone\MVP\frontend

[info] 
=== Project Setup
[info] 
[info] First, let's associate this project directory with a Firebase project.
[info] You can create multiple project aliases by running firebase use --add, 
[info] 
[debug] [2026-03-11T07:06:06.531Z] > command requires scopes: ["email","openid","https://www.googleapis.com/auth/cloudplatformprojects.readonly","https://www.googleapis.com/auth/firebase","https://www.googleapis.com/auth/cloud-platform"]
[debug] [2026-03-11T07:06:06.532Z] > authorizing via signed-in user (himanshusali57@gmail.com)
[debug] [2026-03-11T07:06:06.536Z] Checked if tokens are valid: true, expires at: 1773216231907
[debug] [2026-03-11T07:06:06.536Z] Checked if tokens are valid: true, expires at: 1773216231907
[debug] [2026-03-11T07:06:06.538Z] >>> [apiv2][query] GET https://firebase.googleapis.com/v1beta1/projects pageSize=100
[debug] [2026-03-11T07:06:08.900Z] <<< [apiv2][status] GET https://firebase.googleapis.com/v1beta1/projects 200
[debug] [2026-03-11T07:06:08.900Z] <<< [apiv2][body] GET https://firebase.googleapis.com/v1beta1/projects [omitted]
[debug] [2026-03-11T07:07:24.087Z] ExitPromptError: User force closed the prompt with SIGINT
    at Interface.sigint (C:\Users\Lenovo\AppData\Roaming\npm\node_modules\firebase-tools\node_modules\@inquirer\core\dist\commonjs\lib\create-prompt.js:101:37)
    at Interface.emit (node:events:518:28)
    at [_ttyWrite] [as _ttyWrite] (node:internal/readline/interface:1124:18)
    at ReadStream.onkeypress (node:internal/readline/interface:263:20)
    at ReadStream.emit (node:events:530:35)
    at emitKeys (node:internal/readline/utils:370:14)
    at emitKeys.next (<anonymous>)
    at ReadStream.onData (node:internal/readline/emitKeypressEvents:64:36)
    at ReadStream.emit (node:events:518:28)
    at addChunk (node:internal/streams/readable:561:12)
[error] 
[error] Error: An unexpected error has occurred.
[debug] [2026-03-11T07:07:28.162Z] ----------------------------------------------------------------------
[debug] [2026-03-11T07:07:28.166Z] Command:       C:\Program Files\nodejs\node.exe C:\Users\Lenovo\AppData\Roaming\npm\node_modules\firebase-tools\lib\bin\firebase.js init hosting
[debug] [2026-03-11T07:07:28.167Z] CLI Version:   15.9.1
[debug] [2026-03-11T07:07:28.167Z] Platform:      win32
[debug] [2026-03-11T07:07:28.168Z] Node Version:  v22.14.0
[debug] [2026-03-11T07:07:28.168Z] Time:          Wed Mar 11 2026 12:37:28 GMT+0530 (India Standard Time)
[debug] [2026-03-11T07:07:28.168Z] ----------------------------------------------------------------------
[debug] 
[info] 
     ######## #### ########  ######## ########     ###     ######  ########
     ##        ##  ##     ## ##       ##     ##  ##   ##  ##       ##
     ######    ##  ########  ######   ########  #########  ######  ######
     ##        ##  ##    ##  ##       ##     ## ##     ##       ## ##
     ##       #### ##     ## ######## ########  ##     ##  ######  ########

You're about to initialize a Firebase project in this directory:

  C:\Users\Lenovo\Desktop\Cryone\MVP\frontend

[info] 
=== Project Setup
[info] 
[info] First, let's associate this project directory with a Firebase project.
[info] You can create multiple project aliases by running firebase use --add, 
[info] 
[info] i  If you want to create a project in a Google Cloud organization or folder, please use "firebase projects:create" instead, and return to this command when you've created the project. 
[debug] [2026-03-11T07:07:38.417Z] > command requires scopes: ["email","openid","https://www.googleapis.com/auth/cloudplatformprojects.readonly","https://www.googleapis.com/auth/firebase","https://www.googleapis.com/auth/cloud-platform"]
[debug] [2026-03-11T07:07:38.419Z] > authorizing via signed-in user (himanshusali57@gmail.com)
[debug] [2026-03-11T07:07:50.759Z] Checked if tokens are valid: true, expires at: 1773216231907
[debug] [2026-03-11T07:07:50.760Z] Checked if tokens are valid: true, expires at: 1773216231907
[debug] [2026-03-11T07:07:50.764Z] >>> [apiv2][query] POST https://firebase.googleapis.com/v1/projects:checkProjectId [none]
[debug] [2026-03-11T07:07:50.764Z] >>> [apiv2][body] POST https://firebase.googleapis.com/v1/projects:checkProjectId {"proposedId":"cryone-presale-2026"}
[debug] [2026-03-11T07:07:51.711Z] <<< [apiv2][status] POST https://firebase.googleapis.com/v1/projects:checkProjectId 200
[debug] [2026-03-11T07:07:51.711Z] <<< [apiv2][body] POST https://firebase.googleapis.com/v1/projects:checkProjectId {"projectIdStatus":"PROJECT_ID_AVAILABLE","suggestedProjectId":"cryone-presale-2026"}
[debug] [2026-03-11T07:08:01.073Z] Checked if tokens are valid: true, expires at: 1773216231907
[debug] [2026-03-11T07:08:01.073Z] Checked if tokens are valid: true, expires at: 1773216231907
[debug] [2026-03-11T07:08:01.073Z] >>> [apiv2][query] POST https://cloudresourcemanager.googleapis.com/v1/projects [none]
[debug] [2026-03-11T07:08:01.073Z] >>> [apiv2][body] POST https://cloudresourcemanager.googleapis.com/v1/projects {"projectId":"cryone-presale-2026","name":"Cryone Presale"}
[debug] [2026-03-11T07:08:01.811Z] <<< [apiv2][status] POST https://cloudresourcemanager.googleapis.com/v1/projects 200
[debug] [2026-03-11T07:08:01.811Z] <<< [apiv2][body] POST https://cloudresourcemanager.googleapis.com/v1/projects {"name":"operations/create_project.global.9152823857668740368"}
[debug] [2026-03-11T07:08:01.813Z] Checked if tokens are valid: true, expires at: 1773216231907
[debug] [2026-03-11T07:08:01.813Z] Checked if tokens are valid: true, expires at: 1773216231907
[debug] [2026-03-11T07:08:01.813Z] >>> [apiv2][query] GET https://cloudresourcemanager.googleapis.com/v1/operations/create_project.global.9152823857668740368 [none]
[debug] [2026-03-11T07:08:03.187Z] <<< [apiv2][status] GET https://cloudresourcemanager.googleapis.com/v1/operations/create_project.global.9152823857668740368 200
[debug] [2026-03-11T07:08:03.187Z] <<< [apiv2][body] GET https://cloudresourcemanager.googleapis.com/v1/operations/create_project.global.9152823857668740368 {"name":"operations/create_project.global.9152823857668740368"}
[debug] [2026-03-11T07:08:03.693Z] [Project Creation Poller] Retrying task index 0
[debug] [2026-03-11T07:08:03.695Z] Checked if tokens are valid: true, expires at: 1773216231907
[debug] [2026-03-11T07:08:03.695Z] Checked if tokens are valid: true, expires at: 1773216231907
[debug] [2026-03-11T07:08:03.695Z] >>> [apiv2][query] GET https://cloudresourcemanager.googleapis.com/v1/operations/create_project.global.9152823857668740368 [none]
[debug] [2026-03-11T07:08:04.039Z] <<< [apiv2][status] GET https://cloudresourcemanager.googleapis.com/v1/operations/create_project.global.9152823857668740368 200
[debug] [2026-03-11T07:08:04.040Z] <<< [apiv2][body] GET https://cloudresourcemanager.googleapis.com/v1/operations/create_project.global.9152823857668740368 {"name":"operations/create_project.global.9152823857668740368","metadata":{"@type":"type.googleapis.com/google.cloudresourcemanager.v1.ProjectCreationStatus","gettable":true,"ready":true},"done":true,"response":{"@type":"type.googleapis.com/google.cloudresourcemanager.v1.Project","projectNumber":"95688367227","projectId":"cryone-presale-2026","lifecycleState":"ACTIVE","name":"Cryone Presale","createTime":"2026-03-11T07:08:03.854770Z"}}
[debug] [2026-03-11T07:08:04.044Z] Checked if tokens are valid: true, expires at: 1773216231907
[debug] [2026-03-11T07:08:04.045Z] Checked if tokens are valid: true, expires at: 1773216231907
[debug] [2026-03-11T07:08:04.045Z] >>> [apiv2][query] POST https://firebase.googleapis.com/v1beta1/projects/cryone-presale-2026:addFirebase [none]
[debug] [2026-03-11T07:08:07.905Z] <<< [apiv2][status] POST https://firebase.googleapis.com/v1beta1/projects/cryone-presale-2026:addFirebase 200
[debug] [2026-03-11T07:08:07.905Z] <<< [apiv2][body] POST https://firebase.googleapis.com/v1beta1/projects/cryone-presale-2026:addFirebase {"name":"operations/workflows/MTdmMjdmNDctYjdiZS00MDE0LWI1NjktOGJhYzg1OTJhZjYy"}
[debug] [2026-03-11T07:08:07.906Z] Checked if tokens are valid: true, expires at: 1773216231907
[debug] [2026-03-11T07:08:07.906Z] Checked if tokens are valid: true, expires at: 1773216231907
[debug] [2026-03-11T07:08:07.907Z] >>> [apiv2][query] GET https://firebase.googleapis.com/v1beta1/operations/workflows/MTdmMjdmNDctYjdiZS00MDE0LWI1NjktOGJhYzg1OTJhZjYy [none]
[debug] [2026-03-11T07:08:09.087Z] <<< [apiv2][status] GET https://firebase.googleapis.com/v1beta1/operations/workflows/MTdmMjdmNDctYjdiZS00MDE0LWI1NjktOGJhYzg1OTJhZjYy 200
[debug] [2026-03-11T07:08:09.087Z] <<< [apiv2][body] GET https://firebase.googleapis.com/v1beta1/operations/workflows/MTdmMjdmNDctYjdiZS00MDE0LWI1NjktOGJhYzg1OTJhZjYy {"name":"operations/workflows/MTdmMjdmNDctYjdiZS00MDE0LWI1NjktOGJhYzg1OTJhZjYy"}
[debug] [2026-03-11T07:08:09.591Z] [Add Firebase Poller] Retrying task index 0
[debug] [2026-03-11T07:08:09.592Z] Checked if tokens are valid: true, expires at: 1773216231907
[debug] [2026-03-11T07:08:09.592Z] Checked if tokens are valid: true, expires at: 1773216231907
[debug] [2026-03-11T07:08:09.592Z] >>> [apiv2][query] GET https://firebase.googleapis.com/v1beta1/operations/workflows/MTdmMjdmNDctYjdiZS00MDE0LWI1NjktOGJhYzg1OTJhZjYy [none]
[debug] [2026-03-11T07:08:12.854Z] <<< [apiv2][status] GET https://firebase.googleapis.com/v1beta1/operations/workflows/MTdmMjdmNDctYjdiZS00MDE0LWI1NjktOGJhYzg1OTJhZjYy 200
[debug] [2026-03-11T07:08:12.855Z] <<< [apiv2][body] GET https://firebase.googleapis.com/v1beta1/operations/workflows/MTdmMjdmNDctYjdiZS00MDE0LWI1NjktOGJhYzg1OTJhZjYy {"name":"operations/workflows/MTdmMjdmNDctYjdiZS00MDE0LWI1NjktOGJhYzg1OTJhZjYy"}
[debug] [2026-03-11T07:08:13.869Z] [Add Firebase Poller] Retrying task index 0
[debug] [2026-03-11T07:08:13.870Z] Checked if tokens are valid: true, expires at: 1773216231907
[debug] [2026-03-11T07:08:13.870Z] Checked if tokens are valid: true, expires at: 1773216231907
[debug] [2026-03-11T07:08:13.871Z] >>> [apiv2][query] GET https://firebase.googleapis.com/v1beta1/operations/workflows/MTdmMjdmNDctYjdiZS00MDE0LWI1NjktOGJhYzg1OTJhZjYy [none]
[debug] [2026-03-11T07:08:14.885Z] <<< [apiv2][status] GET https://firebase.googleapis.com/v1beta1/operations/workflows/MTdmMjdmNDctYjdiZS00MDE0LWI1NjktOGJhYzg1OTJhZjYy 200
[debug] [2026-03-11T07:08:14.886Z] <<< [apiv2][body] GET https://firebase.googleapis.com/v1beta1/operations/workflows/MTdmMjdmNDctYjdiZS00MDE0LWI1NjktOGJhYzg1OTJhZjYy {"name":"operations/workflows/MTdmMjdmNDctYjdiZS00MDE0LWI1NjktOGJhYzg1OTJhZjYy"}
[debug] [2026-03-11T07:08:16.897Z] [Add Firebase Poller] Retrying task index 0
[debug] [2026-03-11T07:08:16.898Z] Checked if tokens are valid: true, expires at: 1773216231907
[debug] [2026-03-11T07:08:16.899Z] Checked if tokens are valid: true, expires at: 1773216231907
[debug] [2026-03-11T07:08:16.899Z] >>> [apiv2][query] GET https://firebase.googleapis.com/v1beta1/operations/workflows/MTdmMjdmNDctYjdiZS00MDE0LWI1NjktOGJhYzg1OTJhZjYy [none]
[debug] [2026-03-11T07:08:18.362Z] <<< [apiv2][status] GET https://firebase.googleapis.com/v1beta1/operations/workflows/MTdmMjdmNDctYjdiZS00MDE0LWI1NjktOGJhYzg1OTJhZjYy 200
[debug] [2026-03-11T07:08:18.363Z] <<< [apiv2][body] GET https://firebase.googleapis.com/v1beta1/operations/workflows/MTdmMjdmNDctYjdiZS00MDE0LWI1NjktOGJhYzg1OTJhZjYy {"name":"operations/workflows/MTdmMjdmNDctYjdiZS00MDE0LWI1NjktOGJhYzg1OTJhZjYy","done":true,"response":{"@type":"type.googleapis.com/google.firebase.service.v1beta1.FirebaseProject","projectId":"cryone-presale-2026","projectNumber":"95688367227","displayName":"Cryone Presale","name":"projects/cryone-presale-2026","resources":{"hostingSite":"cryone-presale-2026"}}}
[info] 
[info] === Your Firebase project is ready! ===
[info] 
[info] Project information:
[info]    - Project ID: cryone-presale-2026
[info]    - Project Name: Cryone Presale
[info] 
[info] Firebase console is available at
[info] https://console.firebase.google.com/project/cryone-presale-2026/overview
[info] 
=== Hosting Setup
[debug] [2026-03-11T07:08:18.402Z] Checked if tokens are valid: true, expires at: 1773216231907
[debug] [2026-03-11T07:08:18.402Z] Checked if tokens are valid: true, expires at: 1773216231907
[debug] [2026-03-11T07:08:18.405Z] >>> [apiv2][query] GET https://firebase.googleapis.com/v1beta1/projects/cryone-presale-2026 [none]
[debug] [2026-03-11T07:08:19.230Z] <<< [apiv2][status] GET https://firebase.googleapis.com/v1beta1/projects/cryone-presale-2026 200
[debug] [2026-03-11T07:08:19.230Z] <<< [apiv2][body] GET https://firebase.googleapis.com/v1beta1/projects/cryone-presale-2026 {"projectId":"cryone-presale-2026","projectNumber":"95688367227","displayName":"Cryone Presale","name":"projects/cryone-presale-2026","resources":{"hostingSite":"cryone-presale-2026"},"state":"ACTIVE","etag":"1_aa4312aa-e055-43d5-a2f4-7f422dd64ebc"}
